<?xml version="1.0" encoding="UTF-8"?>
<!-- Generated by org.testng.reporters.JUnitReportReporter -->
<testsuite hostname="DESKTOP-Q48Q5JC" failures="0" tests="2" name="testcases.ShopbyDepartmentTest" time="483.931" errors="0" timestamp="2023-02-20T23:36:52 IST" skipped="0">
  <testcase classname="testcases.ShopbyDepartmentTest" name="shpdfail" time="240.846"/>
  <system-out/>
  <testcase classname="testcases.ShopbyDepartmentTest" name="shpdptpass" time="243.085"/>
  <system-out/>
</testsuite> <!-- testcases.ShopbyDepartmentTest -->
