<?xml version="1.0" encoding="UTF-8"?>
<!-- Generated by org.testng.reporters.JUnitReportReporter -->
<testsuite hostname="DESKTOP-Q48Q5JC" failures="0" tests="3" name="testcases.BottomlinksVerifyTest" time="407.415" errors="0" timestamp="2023-02-20T23:19:56 IST" skipped="0">
  <testcase classname="testcases.BottomlinksVerifyTest" name="Bottomlink3" time="132.455"/>
  <system-out/>
  <testcase classname="testcases.BottomlinksVerifyTest" name="Bottomlink1" time="195.706"/>
  <system-out/>
  <testcase classname="testcases.BottomlinksVerifyTest" name="Bottomlink2" time="79.254"/>
  <system-out/>
</testsuite> <!-- testcases.BottomlinksVerifyTest -->
