<?xml version="1.0" encoding="UTF-8"?>
<!-- Generated by org.testng.reporters.JUnitReportReporter -->
<testsuite hostname="DESKTOP-Q48Q5JC" failures="0" tests="4" name="testcases.MenuTest" time="447.648" errors="0" timestamp="2023-02-21T00:08:21 IST" skipped="0">
  <testcase classname="testcases.MenuTest" name="brandtest" time="122.497"/>
  <system-out/>
  <testcase classname="testcases.MenuTest" name="features" time="105.936"/>
  <system-out/>
  <testcase classname="testcases.MenuTest" name="menutest" time="111.149"/>
  <system-out/>
  <testcase classname="testcases.MenuTest" name="suppots" time="108.066"/>
  <system-out/>
</testsuite> <!-- testcases.MenuTest -->
